{
"/Users/macbookpro/Documents/Code/GreaterSum/katas/OrderedJobs/src/orderedJobs.js":{"path":"/Users/macbookpro/Documents/Code/GreaterSum/katas/OrderedJobs/src/orderedJobs.js","s":{"1":1,"2":1,"3":10,"4":10,"5":10,"6":1,"7":10,"8":10,"9":10,"10":10,"11":10,"12":1,"13":9,"14":28,"15":28,"16":13,"17":28,"18":13,"19":9,"20":9,"21":16,"22":16,"23":16,"24":18,"25":18,"26":10,"27":8,"28":16,"29":16,"30":9,"31":9,"32":2,"33":9,"34":1,"35":1,"36":28,"37":13,"38":28,"39":1,"40":28,"41":13,"42":1,"43":1,"44":10,"45":10,"46":1,"47":1},"b":{"1":[1,9],"2":[13,15],"3":[13,15],"4":[10,8],"5":[18,10],"6":[9,7],"7":[2,7],"8":[1,8],"9":[13,15],"10":[28,13],"11":[13,15]},"f":{"1":1,"2":10,"3":10,"4":28,"5":28,"6":0,"7":10},"fnMap":{"1":{"name":"(anonymous_1)","line":2,"loc":{"start":{"line":2,"column":19},"end":{"line":2,"column":31}}},"2":{"name":"OrderedJobs","line":3,"loc":{"start":{"line":3,"column":4},"end":{"line":3,"column":27}}},"3":{"name":"(anonymous_3)","line":8,"loc":{"start":{"line":8,"column":37},"end":{"line":8,"column":53}}},"4":{"name":"(anonymous_4)","line":50,"loc":{"start":{"line":50,"column":45},"end":{"line":50,"column":60}}},"5":{"name":"(anonymous_5)","line":56,"loc":{"start":{"line":56,"column":51},"end":{"line":56,"column":66}}},"6":{"name":"(anonymous_6)","line":61,"loc":{"start":{"line":61,"column":43},"end":{"line":61,"column":58}}},"7":{"name":"(anonymous_7)","line":63,"loc":{"start":{"line":63,"column":38},"end":{"line":63,"column":54}}}},"statementMap":{"1":{"start":{"line":2,"column":0},"end":{"line":68,"column":5}},"2":{"start":{"line":3,"column":4},"end":{"line":7,"column":5}},"3":{"start":{"line":4,"column":8},"end":{"line":4,"column":31}},"4":{"start":{"line":5,"column":8},"end":{"line":5,"column":27}},"5":{"start":{"line":6,"column":8},"end":{"line":6,"column":69}},"6":{"start":{"line":8,"column":4},"end":{"line":49,"column":6}},"7":{"start":{"line":9,"column":8},"end":{"line":9,"column":42}},"8":{"start":{"line":10,"column":8},"end":{"line":10,"column":33}},"9":{"start":{"line":11,"column":8},"end":{"line":11,"column":39}},"10":{"start":{"line":12,"column":8},"end":{"line":12,"column":32}},"11":{"start":{"line":13,"column":8},"end":{"line":15,"column":9}},"12":{"start":{"line":14,"column":12},"end":{"line":14,"column":22}},"13":{"start":{"line":16,"column":8},"end":{"line":24,"column":9}},"14":{"start":{"line":17,"column":12},"end":{"line":17,"column":29}},"15":{"start":{"line":18,"column":12},"end":{"line":20,"column":13}},"16":{"start":{"line":19,"column":16},"end":{"line":19,"column":46}},"17":{"start":{"line":21,"column":12},"end":{"line":23,"column":13}},"18":{"start":{"line":22,"column":16},"end":{"line":22,"column":44}},"19":{"start":{"line":25,"column":8},"end":{"line":25,"column":31}},"20":{"start":{"line":26,"column":8},"end":{"line":48,"column":9}},"21":{"start":{"line":27,"column":12},"end":{"line":27,"column":30}},"22":{"start":{"line":28,"column":12},"end":{"line":28,"column":72}},"23":{"start":{"line":29,"column":12},"end":{"line":37,"column":13}},"24":{"start":{"line":30,"column":16},"end":{"line":30,"column":35}},"25":{"start":{"line":31,"column":16},"end":{"line":36,"column":17}},"26":{"start":{"line":32,"column":20},"end":{"line":32,"column":52}},"27":{"start":{"line":35,"column":20},"end":{"line":35,"column":41}},"28":{"start":{"line":38,"column":12},"end":{"line":38,"column":41}},"29":{"start":{"line":39,"column":12},"end":{"line":47,"column":13}},"30":{"start":{"line":40,"column":16},"end":{"line":40,"column":36}},"31":{"start":{"line":41,"column":16},"end":{"line":43,"column":17}},"32":{"start":{"line":42,"column":20},"end":{"line":42,"column":50}},"33":{"start":{"line":44,"column":16},"end":{"line":46,"column":17}},"34":{"start":{"line":45,"column":20},"end":{"line":45,"column":76}},"35":{"start":{"line":50,"column":4},"end":{"line":55,"column":6}},"36":{"start":{"line":51,"column":8},"end":{"line":53,"column":9}},"37":{"start":{"line":52,"column":12},"end":{"line":52,"column":48}},"38":{"start":{"line":54,"column":8},"end":{"line":54,"column":30}},"39":{"start":{"line":56,"column":4},"end":{"line":60,"column":6}},"40":{"start":{"line":57,"column":8},"end":{"line":59,"column":9}},"41":{"start":{"line":58,"column":12},"end":{"line":58,"column":23}},"42":{"start":{"line":61,"column":4},"end":{"line":62,"column":6}},"43":{"start":{"line":63,"column":4},"end":{"line":66,"column":6}},"44":{"start":{"line":64,"column":8},"end":{"line":64,"column":28}},"45":{"start":{"line":65,"column":8},"end":{"line":65,"column":35}},"46":{"start":{"line":67,"column":4},"end":{"line":67,"column":23}},"47":{"start":{"line":69,"column":0},"end":{"line":69,"column":34}}},"branchMap":{"1":{"line":13,"type":"if","locations":[{"start":{"line":13,"column":8},"end":{"line":13,"column":8}},{"start":{"line":13,"column":8},"end":{"line":13,"column":8}}]},"2":{"line":18,"type":"if","locations":[{"start":{"line":18,"column":12},"end":{"line":18,"column":12}},{"start":{"line":18,"column":12},"end":{"line":18,"column":12}}]},"3":{"line":21,"type":"if","locations":[{"start":{"line":21,"column":12},"end":{"line":21,"column":12}},{"start":{"line":21,"column":12},"end":{"line":21,"column":12}}]},"4":{"line":31,"type":"if","locations":[{"start":{"line":31,"column":16},"end":{"line":31,"column":16}},{"start":{"line":31,"column":16},"end":{"line":31,"column":16}}]},"5":{"line":31,"type":"binary-expr","locations":[{"start":{"line":31,"column":20},"end":{"line":31,"column":62}},{"start":{"line":31,"column":66},"end":{"line":31,"column":110}}]},"6":{"line":39,"type":"if","locations":[{"start":{"line":39,"column":12},"end":{"line":39,"column":12}},{"start":{"line":39,"column":12},"end":{"line":39,"column":12}}]},"7":{"line":41,"type":"if","locations":[{"start":{"line":41,"column":16},"end":{"line":41,"column":16}},{"start":{"line":41,"column":16},"end":{"line":41,"column":16}}]},"8":{"line":44,"type":"if","locations":[{"start":{"line":44,"column":16},"end":{"line":44,"column":16}},{"start":{"line":44,"column":16},"end":{"line":44,"column":16}}]},"9":{"line":51,"type":"if","locations":[{"start":{"line":51,"column":8},"end":{"line":51,"column":8}},{"start":{"line":51,"column":8},"end":{"line":51,"column":8}}]},"10":{"line":51,"type":"binary-expr","locations":[{"start":{"line":51,"column":12},"end":{"line":51,"column":26}},{"start":{"line":51,"column":30},"end":{"line":51,"column":75}}]},"11":{"line":57,"type":"if","locations":[{"start":{"line":57,"column":8},"end":{"line":57,"column":8}},{"start":{"line":57,"column":8},"end":{"line":57,"column":8}}]}},"l":{"2":1,"3":1,"4":10,"5":10,"6":10,"8":1,"9":10,"10":10,"11":10,"12":10,"13":10,"14":1,"16":9,"17":28,"18":28,"19":13,"21":28,"22":13,"25":9,"26":9,"27":16,"28":16,"29":16,"30":18,"31":18,"32":10,"35":8,"38":16,"39":16,"40":9,"41":9,"42":2,"44":9,"45":1,"50":1,"51":28,"52":13,"54":28,"56":1,"57":28,"58":13,"61":1,"63":1,"64":10,"65":10,"67":1,"69":1}}}
