{
"/Users/macbookpro/Documents/Code/GreaterSum/katas/OrderedJobs/src/orderedJobs.js":{"path":"/Users/macbookpro/Documents/Code/GreaterSum/katas/OrderedJobs/src/orderedJobs.js","s":{"1":1,"2":1,"3":6,"4":6,"5":6,"6":6,"7":6,"8":1,"9":6,"10":6,"11":1,"12":5,"13":1,"14":6,"15":6,"16":13,"17":13,"18":10,"19":3,"20":3,"21":3,"22":3,"23":3,"24":3,"25":6,"26":1,"27":1},"b":{"1":[1,5],"2":[10,3],"3":[3,0]},"f":{"1":1,"2":6,"3":6,"4":6},"fnMap":{"1":{"name":"(anonymous_1)","line":2,"loc":{"start":{"line":2,"column":19},"end":{"line":2,"column":31}}},"2":{"name":"OrderedJobs","line":3,"loc":{"start":{"line":3,"column":4},"end":{"line":3,"column":31}}},"3":{"name":"(anonymous_3)","line":10,"loc":{"start":{"line":10,"column":38},"end":{"line":10,"column":54}}},"4":{"name":"(anonymous_4)","line":17,"loc":{"start":{"line":17,"column":40},"end":{"line":17,"column":56}}}},"statementMap":{"1":{"start":{"line":2,"column":0},"end":{"line":35,"column":5}},"2":{"start":{"line":3,"column":4},"end":{"line":9,"column":5}},"3":{"start":{"line":4,"column":8},"end":{"line":4,"column":26}},"4":{"start":{"line":5,"column":8},"end":{"line":5,"column":33}},"5":{"start":{"line":6,"column":8},"end":{"line":6,"column":36}},"6":{"start":{"line":7,"column":8},"end":{"line":7,"column":38}},"7":{"start":{"line":8,"column":8},"end":{"line":8,"column":27}},"8":{"start":{"line":10,"column":4},"end":{"line":16,"column":6}},"9":{"start":{"line":11,"column":8},"end":{"line":11,"column":31}},"10":{"start":{"line":12,"column":8},"end":{"line":14,"column":9}},"11":{"start":{"line":13,"column":12},"end":{"line":13,"column":22}},"12":{"start":{"line":15,"column":8},"end":{"line":15,"column":33}},"13":{"start":{"line":17,"column":4},"end":{"line":33,"column":6}},"14":{"start":{"line":18,"column":8},"end":{"line":18,"column":41}},"15":{"start":{"line":19,"column":8},"end":{"line":31,"column":9}},"16":{"start":{"line":20,"column":12},"end":{"line":20,"column":38}},"17":{"start":{"line":21,"column":12},"end":{"line":30,"column":13}},"18":{"start":{"line":22,"column":16},"end":{"line":22,"column":40}},"19":{"start":{"line":24,"column":17},"end":{"line":30,"column":13}},"20":{"start":{"line":25,"column":16},"end":{"line":25,"column":33}},"21":{"start":{"line":26,"column":16},"end":{"line":26,"column":54}},"22":{"start":{"line":27,"column":16},"end":{"line":27,"column":52}},"23":{"start":{"line":28,"column":16},"end":{"line":28,"column":70}},"24":{"start":{"line":29,"column":16},"end":{"line":29,"column":69}},"25":{"start":{"line":32,"column":8},"end":{"line":32,"column":82}},"26":{"start":{"line":34,"column":4},"end":{"line":34,"column":23}},"27":{"start":{"line":36,"column":0},"end":{"line":36,"column":34}}},"branchMap":{"1":{"line":12,"type":"if","locations":[{"start":{"line":12,"column":8},"end":{"line":12,"column":8}},{"start":{"line":12,"column":8},"end":{"line":12,"column":8}}]},"2":{"line":21,"type":"if","locations":[{"start":{"line":21,"column":12},"end":{"line":21,"column":12}},{"start":{"line":21,"column":12},"end":{"line":21,"column":12}}]},"3":{"line":24,"type":"if","locations":[{"start":{"line":24,"column":17},"end":{"line":24,"column":17}},{"start":{"line":24,"column":17},"end":{"line":24,"column":17}}]}},"l":{"2":1,"3":1,"4":6,"5":6,"6":6,"7":6,"8":6,"10":1,"11":6,"12":6,"13":1,"15":5,"17":1,"18":6,"19":6,"20":13,"21":13,"22":10,"24":3,"25":3,"26":3,"27":3,"28":3,"29":3,"32":6,"34":1,"36":1}}}
